[2024-08-23T21:12:53Z INFO labork] Hello, world!
[[2024-08-23 22:17:05] INFO] Hello, world!
[2024-08-23 22:17:49 INFO] Hello, world!
[2024-08-23 22:48:00 INFO] LabOrk started.
[2024-08-23 22:48:00 INFO] Listening on 127.0.0.1:3000
[2024-08-23 22:50:00 INFO] Listening on 127.0.0.1:3000
[2024-08-23 22:50:00 INFO] LabOrk started.
[2024-08-25 22:15:59 DEBUG] no previous snapshot found
[2024-08-25 22:15:59 DEBUG] ordering before clearing tears: {}, max_header_stable_lsn: 0
[2024-08-25 22:15:59 DEBUG] in clean_tail_tears, found missing item in tail: None and we'll scan segments {} above lowest lsn 0
[2024-08-25 22:15:59 DEBUG] unable to load new segment: Io(Custom { kind: Other, error: "no segments remaining to iterate over" })
[2024-08-25 22:15:59 DEBUG] filtering out segments after detected tear at (lsn, lid) -1
[2024-08-25 22:15:59 DEBUG] unable to load new segment: Io(Custom { kind: Other, error: "no segments remaining to iterate over" })
[2024-08-25 22:15:59 DEBUG] SA starting with tip 0 stable -1 free {}
[2024-08-25 22:15:59 DEBUG] starting log for a totally fresh system
[2024-08-25 22:15:59 DEBUG] segment accountant returning offset: 0 for lsn 0 on deck: {}
[2024-08-25 22:15:59 DEBUG] starting IoBufs with next_lsn: 0 next_lid: 0
[2024-08-25 22:15:59 DEBUG] storing lsn 0 in beginning of buffer
[2024-08-25 22:15:59 DEBUG] load_snapshot loading pages from 0..0
[2024-08-25 22:15:59 DEBUG] allocated pid 3 for root of new_tree [95, 95, 115, 108, 101, 100, 95, 95, 100, 101, 102, 97, 117, 108, 116]
[2024-08-25 22:15:59 DEBUG] advancing offset within the current segment from 0 to 71
[2024-08-25 22:15:59 DEBUG] allocated pid 5 for root of new_tree [97, 99, 116, 111, 114, 115]
[2024-08-25 22:15:59 INFO] Listening on 127.0.0.1:3000
[2024-08-25 22:15:59 INFO] LabOrk running
[2024-08-25 22:15:59 DEBUG] wrote lsns 0-70 to disk at offsets 0-70, maxed false complete_len 71
[2024-08-25 22:15:59 DEBUG] mark_interval(0, 71)
[2024-08-25 22:15:59 DEBUG] new highest interval: 0 - 70
[2024-08-25 22:16:00 DEBUG] advancing offset within the current segment from 71 to 163
[2024-08-25 22:16:00 DEBUG] wrote lsns 71-162 to disk at offsets 71-162, maxed false complete_len 92
[2024-08-25 22:16:00 DEBUG] mark_interval(71, 92)
[2024-08-25 22:16:00 DEBUG] new highest interval: 71 - 162
[2024-08-25 22:16:52 DEBUG] no previous snapshot found
[2024-08-25 22:16:52 DEBUG] ordering before clearing tears: {0: 0}, max_header_stable_lsn: 0
[2024-08-25 22:16:52 DEBUG] in clean_tail_tears, found missing item in tail: None and we'll scan segments {0: 0} above lowest lsn 0
[2024-08-25 22:16:52 DEBUG] filtering out segments after detected tear at (lsn, lid) 162
[2024-08-25 22:16:52 DEBUG] hit max_lsn 162 in iterator, stopping
[2024-08-25 22:16:52 DEBUG] zeroing the end of the recovered segment at lsn 0 between lids 163 and 524287
[2024-08-25 22:16:52 DEBUG] gc_blobs removing any blob with an lsn above 163
[2024-08-25 22:16:52 DEBUG] SA starting with tip 524288 stable -1 free {}
[2024-08-25 22:16:52 DEBUG] starting log at recovered active offset 163, recovered lsn 163
[2024-08-25 22:16:52 DEBUG] starting IoBufs with next_lsn: 163 next_lid: 163
[2024-08-25 22:16:52 DEBUG] load_snapshot loading pages from 0..6
[2024-08-25 22:16:52 INFO] Listening on 127.0.0.1:3000
[2024-08-25 22:16:52 INFO] LabOrk running
